-------------------------------------------------------------------------------
Test set: com.kellton.test.HelloMavenTest
-------------------------------------------------------------------------------
Tests run: 2, Failures: 0, Errors: 2, Skipped: 0, Time elapsed: 4.269 s <<< FAILURE! - in com.kellton.test.HelloMavenTest
retrieveFlightsFlightsMaven(com.kellton.test.HelloMavenTest)  Time elapsed: 3.044 s  <<< ERROR!
org.mule.api.lifecycle.LifecycleException: Failed to invoke lifecycle phase "start" on object: org.mule.module.http.internal.listener.DefaultHttpListenerConfig@7fed3673
Caused by: java.net.BindException: Address already in use: bind

mavenFlowReturnsHelloMaven(com.kellton.test.HelloMavenTest)  Time elapsed: 0.67 s  <<< ERROR!
org.mule.api.lifecycle.LifecycleException: Failed to invoke lifecycle phase "start" on object: org.mule.module.http.internal.listener.DefaultHttpListenerConfig@6750f52a
Caused by: java.net.BindException: Address already in use: bind

