<?xml version="1.0" encoding="UTF-8"?>
<testsuite xmlns:xsi="http://www.w3.org/2001/XMLSchema-instance" xsi:noNamespaceSchemaLocation="https://maven.apache.org/surefire/maven-surefire-plugin/xsd/surefire-test-report.xsd" name="com.kellton.test.HelloMavenTest" time="4.269" tests="2" errors="2" skipped="0" failures="0">
  <properties>
[...]
</properties>
  <testcase name="retrieveFlightsFlightsMaven" classname="com.kellton.test.HelloMavenTest" time="3.044">
    <error message="Failed to invoke lifecycle phase &quot;start&quot; on object: org.mule.module.http.internal.listener.DefaultHttpListenerConfig@7fed3673" type="org.mule.api.lifecycle.LifecycleException">org.mule.api.lifecycle.LifecycleException: Failed to invoke lifecycle phase "start" on object: org.mule.module.http.internal.listener.DefaultHttpListenerConfig@7fed3673
Caused by: java.net.BindException: Address already in use: bind
</error>
    <system-out><![CDATA[
================================================================================
= Testing: retrieveFlightsFlightsMaven                                         =
================================================================================
INFO  2017-11-08 10:51:47,575 [Time-limited test] org.mule.tck.junit4.AbstractMuleContextTestCase: Using working directory for test: C:\Users\sadik.ali\AppData\Local\Temp\junit1776483898697797928
INFO  2017-11-08 10:51:47,684 [Time-limited test] org.mule.lifecycle.AbstractLifecycleManager: Initialising RegistryBroker
INFO  2017-11-08 10:51:47,795 [Time-limited test] org.mule.config.spring.MuleArtifactContext: Refreshing org.mule.config.spring.MuleArtifactContext@58d51426: startup date [Wed Nov 08 10:51:47 IST 2017]; root of context hierarchy
INFO  2017-11-08 10:51:48,658 [Time-limited test] org.mule.config.spring.processors.NoDevkitInjectorProcessor: JSR-330 'javax.inject.Inject' annotation found and supported for autowiring
INFO  2017-11-08 10:51:49,742 [Time-limited test] org.mule.util.journal.TransactionJournal: Using files for tx logs C:\Users\sadik.ali\AppData\Local\Temp\junit1776483898697797928\queue-tx-log\tx1.log and C:\Users\sadik.ali\AppData\Local\Temp\junit1776483898697797928\queue-tx-log\tx2.log
INFO  2017-11-08 10:51:49,756 [Time-limited test] org.mule.util.journal.TransactionJournal: Using files for tx logs C:\Users\sadik.ali\AppData\Local\Temp\junit1776483898697797928\queue-xa-tx-log\tx1.log and C:\Users\sadik.ali\AppData\Local\Temp\junit1776483898697797928\queue-xa-tx-log\tx2.log
INFO  2017-11-08 10:51:49,761 [Time-limited test] org.mule.lifecycle.AbstractLifecycleManager: Initialising model: _muleSystemModel
INFO  2017-11-08 10:51:49,766 [Time-limited test] org.mule.construct.FlowConstructLifecycleManager: Initialising flow: mavenFlow
INFO  2017-11-08 10:51:49,767 [Time-limited test] org.mule.exception.DefaultMessagingExceptionStrategy: Initialising exception listener: org.mule.exception.DefaultMessagingExceptionStrategy@bb782b5
INFO  2017-11-08 10:51:49,805 [Time-limited test] org.mule.processor.SedaStageLifecycleManager: Initialising service: mavenFlow.stage1
INFO  2017-11-08 10:51:49,820 [Time-limited test] org.mule.construct.FlowConstructLifecycleManager: Initialising flow: retrieveFlights
INFO  2017-11-08 10:51:49,820 [Time-limited test] org.mule.exception.DefaultMessagingExceptionStrategy: Initialising exception listener: org.mule.exception.DefaultMessagingExceptionStrategy@4813a75e
INFO  2017-11-08 10:51:49,823 [Time-limited test] org.mule.processor.SedaStageLifecycleManager: Initialising service: retrieveFlights.stage1
INFO  2017-11-08 10:51:50,020 [Time-limited test] org.mule.config.spring.SpringXmlConfigurationBuilder: Configured Mule using "org.mule.config.spring.SpringXmlConfigurationBuilder" with configuration resource(s): "[ConfigResource{resourceName='mulemavenizedproject.xml'}]"
INFO  2017-11-08 10:51:50,023 [Time-limited test] org.mule.util.queue.QueueXaResourceManager: Starting ResourceManager
INFO  2017-11-08 10:51:50,023 [Time-limited test] org.mule.util.queue.QueueXaResourceManager: Started ResourceManager
INFO  2017-11-08 10:51:50,228 [Time-limited test] org.mule.lifecycle.AbstractLifecycleManager: Disposing RegistryBroker
INFO  2017-11-08 10:51:50,229 [Time-limited test] org.mule.construct.FlowConstructLifecycleManager: Disposing flow: mavenFlow
INFO  2017-11-08 10:51:50,229 [Time-limited test] org.mule.processor.SedaStageLifecycleManager: Disposing service: mavenFlow.stage1
INFO  2017-11-08 10:51:50,230 [Time-limited test] org.mule.construct.FlowConstructLifecycleManager: Disposing flow: retrieveFlights
INFO  2017-11-08 10:51:50,230 [Time-limited test] org.mule.processor.SedaStageLifecycleManager: Disposing service: retrieveFlights.stage1
INFO  2017-11-08 10:51:50,232 [Time-limited test] org.mule.lifecycle.AbstractLifecycleManager: Disposing model: _muleSystemModel
INFO  2017-11-08 10:51:50,296 [Time-limited test] org.mule.config.spring.MuleArtifactContext: Closing org.mule.config.spring.MuleArtifactContext@58d51426: startup date [Wed Nov 08 10:51:47 IST 2017]; root of context hierarchy
INFO  2017-11-08 10:51:50,416 [Time-limited test] org.mule.DefaultMuleContext: 
**********************************************************************
* Mule Context shut down normally on: 8/11/17 10:51 AM               *
* Server was up for: 0 days, 0 hours, 0 mins, 0.393 sec              *
**********************************************************************
]]></system-out>
  </testcase>
  <testcase name="mavenFlowReturnsHelloMaven" classname="com.kellton.test.HelloMavenTest" time="0.67">
    <error message="Failed to invoke lifecycle phase &quot;start&quot; on object: org.mule.module.http.internal.listener.DefaultHttpListenerConfig@6750f52a" type="org.mule.api.lifecycle.LifecycleException">org.mule.api.lifecycle.LifecycleException: Failed to invoke lifecycle phase "start" on object: org.mule.module.http.internal.listener.DefaultHttpListenerConfig@6750f52a
Caused by: java.net.BindException: Address already in use: bind
</error>
    <system-out><![CDATA[
================================================================================
= Testing: mavenFlowReturnsHelloMaven                                          =
================================================================================
INFO  2017-11-08 10:51:50,477 [Time-limited test] org.mule.tck.junit4.AbstractMuleContextTestCase: Using working directory for test: C:\Users\sadik.ali\AppData\Local\Temp\junit7619756759613024934
INFO  2017-11-08 10:51:50,483 [Time-limited test] org.mule.lifecycle.AbstractLifecycleManager: Initialising RegistryBroker
INFO  2017-11-08 10:51:50,489 [Time-limited test] org.mule.config.spring.MuleArtifactContext: Refreshing org.mule.config.spring.MuleArtifactContext@64c0a9de: startup date [Wed Nov 08 10:51:50 IST 2017]; root of context hierarchy
INFO  2017-11-08 10:51:50,658 [Time-limited test] org.mule.config.spring.processors.NoDevkitInjectorProcessor: JSR-330 'javax.inject.Inject' annotation found and supported for autowiring
INFO  2017-11-08 10:51:50,751 [Time-limited test] org.mule.util.journal.TransactionJournal: Using files for tx logs C:\Users\sadik.ali\AppData\Local\Temp\junit7619756759613024934\queue-tx-log\tx1.log and C:\Users\sadik.ali\AppData\Local\Temp\junit7619756759613024934\queue-tx-log\tx2.log
INFO  2017-11-08 10:51:50,754 [Time-limited test] org.mule.util.journal.TransactionJournal: Using files for tx logs C:\Users\sadik.ali\AppData\Local\Temp\junit7619756759613024934\queue-xa-tx-log\tx1.log and C:\Users\sadik.ali\AppData\Local\Temp\junit7619756759613024934\queue-xa-tx-log\tx2.log
INFO  2017-11-08 10:51:50,758 [Time-limited test] org.mule.lifecycle.AbstractLifecycleManager: Initialising model: _muleSystemModel
INFO  2017-11-08 10:51:50,893 [Time-limited test] org.mule.construct.FlowConstructLifecycleManager: Initialising flow: mavenFlow
INFO  2017-11-08 10:51:50,893 [Time-limited test] org.mule.exception.DefaultMessagingExceptionStrategy: Initialising exception listener: org.mule.exception.DefaultMessagingExceptionStrategy@67827fec
INFO  2017-11-08 10:51:50,896 [Time-limited test] org.mule.processor.SedaStageLifecycleManager: Initialising service: mavenFlow.stage1
INFO  2017-11-08 10:51:50,897 [Time-limited test] org.mule.construct.FlowConstructLifecycleManager: Initialising flow: retrieveFlights
INFO  2017-11-08 10:51:50,897 [Time-limited test] org.mule.exception.DefaultMessagingExceptionStrategy: Initialising exception listener: org.mule.exception.DefaultMessagingExceptionStrategy@2cb53c78
INFO  2017-11-08 10:51:50,900 [Time-limited test] org.mule.processor.SedaStageLifecycleManager: Initialising service: retrieveFlights.stage1
INFO  2017-11-08 10:51:50,920 [Time-limited test] org.mule.config.spring.SpringXmlConfigurationBuilder: Configured Mule using "org.mule.config.spring.SpringXmlConfigurationBuilder" with configuration resource(s): "[ConfigResource{resourceName='mulemavenizedproject.xml'}]"
INFO  2017-11-08 10:51:50,921 [Time-limited test] org.mule.util.queue.QueueXaResourceManager: Starting ResourceManager
INFO  2017-11-08 10:51:50,921 [Time-limited test] org.mule.util.queue.QueueXaResourceManager: Started ResourceManager
INFO  2017-11-08 10:51:50,944 [Time-limited test] org.mule.lifecycle.AbstractLifecycleManager: Disposing RegistryBroker
INFO  2017-11-08 10:51:50,945 [Time-limited test] org.mule.construct.FlowConstructLifecycleManager: Disposing flow: mavenFlow
INFO  2017-11-08 10:51:50,945 [Time-limited test] org.mule.processor.SedaStageLifecycleManager: Disposing service: mavenFlow.stage1
INFO  2017-11-08 10:51:50,946 [Time-limited test] org.mule.construct.FlowConstructLifecycleManager: Disposing flow: retrieveFlights
INFO  2017-11-08 10:51:50,947 [Time-limited test] org.mule.processor.SedaStageLifecycleManager: Disposing service: retrieveFlights.stage1
INFO  2017-11-08 10:51:50,950 [Time-limited test] org.mule.lifecycle.AbstractLifecycleManager: Disposing model: _muleSystemModel
INFO  2017-11-08 10:51:50,977 [Time-limited test] org.mule.config.spring.MuleArtifactContext: Closing org.mule.config.spring.MuleArtifactContext@64c0a9de: startup date [Wed Nov 08 10:51:50 IST 2017]; root of context hierarchy
INFO  2017-11-08 10:51:51,092 [Time-limited test] org.mule.DefaultMuleContext: 
**********************************************************************
* Mule Context shut down normally on: 8/11/17 10:51 AM               *
* Server was up for: 0 days, 0 hours, 0 mins, 0.172 sec              *
**********************************************************************
]]></system-out>
  </testcase>
</testsuite>